<?xml version="1.0" encoding="UTF-8"?>
<!-- Generated by org.testng.reporters.JUnitXMLReporter -->
<testsuite hostname="DESKTOP-2M850KM" name="Default test" tests="5" failures="0" timestamp="28 Nov 2019 12:38:08 GMT" time="115.819" errors="0">
  <testcase name="Login" time="11.467" classname="testng.Hoopi_Patient"/>
  <testcase name="newHospital" time="12.974" classname="testng.Hoopi_Patient"/>
  <testcase name="newDepartment" time="16.83" classname="testng.Hoopi_Patient"/>
  <testcase name="fillDepartmentdetails" time="65.94" classname="testng.Hoopi_Patient"/>
  <testcase name="runPatient" time="8.279" classname="testng.Hoopi_Patient"/>
</testsuite> <!-- Default test -->
