<?xml version="1.0" encoding="UTF-8"?>
<testng-results skipped="0" failed="0" total="1" passed="1">
  <reporter-output>
  </reporter-output>
  <suite name="Default suite" duration-ms="18267" started-at="2019-12-10T04:46:31Z" finished-at="2019-12-10T04:46:49Z">
    <groups>
    </groups>
    <test name="Default test" duration-ms="18267" started-at="2019-12-10T04:46:31Z" finished-at="2019-12-10T04:46:49Z">
      <class name="practice.PopupsHandling">
        <test-method status="PASS" signature="ExampleForAlert()[pri:0, instance:practice.PopupsHandling@33a10788]" name="ExampleForAlert" duration-ms="18255" started-at="2019-12-10T10:16:31Z" finished-at="2019-12-10T10:16:49Z">
          <reporter-output>
          </reporter-output>
        </test-method> <!-- ExampleForAlert -->
      </class> <!-- practice.PopupsHandling -->
    </test> <!-- Default test -->
  </suite> <!-- Default suite -->
</testng-results>
