<?xml version="1.0" encoding="UTF-8"?>
<testng-results skipped="0" failed="0" total="1" passed="1">
  <reporter-output>
  </reporter-output>
  <suite name="Default suite" duration-ms="54824" started-at="2019-12-10T12:48:55Z" finished-at="2019-12-10T12:49:50Z">
    <groups>
    </groups>
    <test name="Default test" duration-ms="54824" started-at="2019-12-10T12:48:55Z" finished-at="2019-12-10T12:49:50Z">
      <class name="practice.PopupsHandling">
        <test-method status="PASS" signature="ExampleForAlert()[pri:0, instance:practice.PopupsHandling@38364841]" name="ExampleForAlert" duration-ms="54811" started-at="2019-12-10T18:18:55Z" finished-at="2019-12-10T18:19:50Z">
          <reporter-output>
          </reporter-output>
        </test-method> <!-- ExampleForAlert -->
      </class> <!-- practice.PopupsHandling -->
    </test> <!-- Default test -->
  </suite> <!-- Default suite -->
</testng-results>
